Arguments: 
  /usr/bin/node /usr/share/yarn/bin/yarn.js encore dev

PATH: 
  /usr/local/sbin:/usr/local/bin:/usr/sbin:/usr/bin:/sbin:/bin

Yarn version: 
  1.21.1

Node version: 
  12.14.1

Platform: 
  linux x64

Trace: 
  SyntaxError: /usr/share/nginx/html/personal-account/package.json: Unexpected token } in JSON at position 281
      at JSON.parse (<anonymous>)
      at /usr/share/yarn/lib/cli.js:1625:59
      at Generator.next (<anonymous>)
      at step (/usr/share/yarn/lib/cli.js:310:30)
      at /usr/share/yarn/lib/cli.js:321:13

npm manifest: 
  {
    "devDependencies": {
      "@fortawesome/fontawesome-free": "^5.11.2",
      "@symfony/webpack-encore": "^0.28.0",
      "bootstrap-sass": "^3.4.1",
      "jquery": "^3.4.1",
      "node-sass": "^4.12.0",
      "sass-loader": "^7.3.1"
    },
    "dependencies": {
      "bootstrap": "^4.3.1",
    }
  }

yarn manifest: 
  No manifest

Lockfile: 
  # THIS IS AN AUTOGENERATED FILE. DO NOT EDIT THIS FILE DIRECTLY.
  # yarn lockfile v1
